<?xml version="1.0" encoding="UTF-8"?>
<!-- Generated by org.testng.reporters.JUnitXMLReporter -->
<testsuite ignored="0" hostname="vishnu-HP-15-Notebook-PC" failures="0" tests="1" name="Test-Runner-Chrome" time="31.704" errors="0" timestamp="2023-11-01T14:11:10 IST">
  <testcase classname="ContactTests.CreateContactTest" name="createContactTest" time="8.373"/>
</testsuite> <!-- Test-Runner-Chrome -->
