<?xml version="1.0" encoding="UTF-8"?>
<!-- Generated by org.testng.reporters.JUnitXMLReporter -->
<testsuite ignored="0" hostname="vishnu-HP-15-Notebook-PC" failures="0" tests="1" name="Test-Runner-Firefox" time="47.274" errors="0" timestamp="2023-11-01T14:11:25 IST">
  <testcase classname="ContactTests.CreateContactTest" name="createContactTest" time="7.362"/>
</testsuite> <!-- Test-Runner-Firefox -->
