<?xml version="1.0" encoding="UTF-8"?>
<!-- Generated by org.testng.reporters.JUnitReportReporter -->
<testsuite hostname="vishnu-HP-15-Notebook-PC" failures="0" tests="1" name="ContactTests.CreateContactWithOrganizationTest" time="24.154" errors="0" timestamp="2023-11-01T13:37:55 IST" skipped="0">
  <testcase classname="ContactTests.CreateContactWithOrganizationTest" name="createContactWithOrganizationTest" time="24.154"/>
  <system-out/>
</testsuite> <!-- ContactTests.CreateContactWithOrganizationTest -->
