<?xml version="1.0" encoding="UTF-8"?>
<!-- Generated by org.testng.reporters.JUnitReportReporter -->
<testsuite hostname="vishnu-HP-15-Notebook-PC" failures="0" tests="1" name="OrganizationTests.CreateOrganizationTest" time="18.654" errors="0" timestamp="2023-11-01T13:27:15 IST" skipped="0">
  <testcase classname="OrganizationTests.CreateOrganizationTest" name="createOrgTest" time="18.654"/>
  <system-out/>
</testsuite> <!-- OrganizationTests.CreateOrganizationTest -->
