<?xml version="1.0" encoding="UTF-8"?>
<!-- Generated by org.testng.reporters.JUnitReportReporter -->
<testsuite hostname="vishnu-HP-15-Notebook-PC" failures="0" tests="1" name="ContactTests.CreateContactTest" time="16.851" errors="0" timestamp="2023-11-01T16:15:14 IST" skipped="0">
  <testcase classname="ContactTests.CreateContactTest" name="createContactTest" time="16.851"/>
  <system-out>
    <![CDATA[clicked create contacts link
created new contact
header captured
header validated sucessfully]]>
  </system-out>
</testsuite> <!-- ContactTests.CreateContactTest -->
