<?xml version="1.0" encoding="UTF-8"?>
<!-- Generated by org.testng.reporters.JUnitReportReporter -->
<testsuite hostname="vishnu-HP-15-Notebook-PC" failures="0" tests="2" name="ContactTests.CreateContactTest" time="36.250" errors="0" timestamp="2023-11-01T14:11:26 IST" skipped="0">
  <testcase classname="ContactTests.CreateContactTest" name="createContactTest" time="21.158"/>
  <system-out>
    <![CDATA[clicked create contacts link
created new contact
header captured
header validated sucessfully]]>
  </system-out>
  <testcase classname="ContactTests.CreateContactTest" name="createContactTest" time="15.092"/>
  <system-out>
    <![CDATA[clicked create contacts link
created new contact
header captured
header validated sucessfully]]>
  </system-out>
</testsuite> <!-- ContactTests.CreateContactTest -->
