<?xml version="1.0" encoding="UTF-8"?>
<!-- Generated by org.testng.reporters.JUnitReportReporter -->
<testsuite hostname="vishnu-HP-15-Notebook-PC" failures="0" tests="5" name="OrganizationTests.CreateMultipleOrgWithIndustry" time="50.669" errors="0" timestamp="2023-11-01T13:15:14 IST" skipped="0">
  <testcase classname="OrganizationTests.CreateMultipleOrgWithIndustry" name="createMultipleOrg" time="8.532"/>
  <system-out/>
  <testcase classname="OrganizationTests.CreateMultipleOrgWithIndustry" name="createMultipleOrg" time="8.707"/>
  <system-out/>
  <testcase classname="OrganizationTests.CreateMultipleOrgWithIndustry" name="createMultipleOrg" time="8.187"/>
  <system-out/>
  <testcase classname="OrganizationTests.CreateMultipleOrgWithIndustry" name="createMultipleOrg" time="8.138"/>
  <system-out/>
  <testcase classname="OrganizationTests.CreateMultipleOrgWithIndustry" name="createMultipleOrg" time="17.105"/>
  <system-out/>
</testsuite> <!-- OrganizationTests.CreateMultipleOrgWithIndustry -->
