<?xml version="1.0" encoding="UTF-8"?>
<!-- Generated by org.testng.reporters.JUnitReportReporter -->
<testsuite hostname="vishnu-HP-15-Notebook-PC" failures="0" tests="1" name="OrganizationTests.CreateOrgWithIndustryAndTypeTest" time="17.564" errors="0" timestamp="2023-11-01T13:37:55 IST" skipped="0">
  <testcase classname="OrganizationTests.CreateOrgWithIndustryAndTypeTest" name="createOrgWithIndustryAndTypeTest" time="17.564"/>
  <system-out/>
</testsuite> <!-- OrganizationTests.CreateOrgWithIndustryAndTypeTest -->
