<?xml version="1.0" encoding="UTF-8"?>
<!-- Generated by org.testng.reporters.JUnitReportReporter -->
<testsuite hostname="vishnu-HP-15-Notebook-PC" failures="0" tests="1" name="OrganizationTests.CreateOrganizationTest" time="27.700" errors="0" timestamp="2023-11-01T16:15:14 IST" skipped="0">
  <testcase classname="OrganizationTests.CreateOrganizationTest" name="createOrgTest" time="27.700"/>
  <system-out/>
</testsuite> <!-- OrganizationTests.CreateOrganizationTest -->
